Watching for file changes with StatReloader
[16/Feb/2024 16:06:10] code 400, message Bad request version ('ZZ\x13\x01\x13\x02\x13\x03À+À/À,À0Ì©Ì¨À\x13À\x14\x00\x9c\x00\x9d\x00/\x005\x01\x00\x01À')
[16/Feb/2024 16:06:10] You're accessing the development server over HTTPS, but it only supports HTTP.
[16/Feb/2024 16:06:10] code 400, message Bad request version ('\x00\x00')
[16/Feb/2024 16:06:10] You're accessing the development server over HTTPS, but it only supports HTTP.
[16/Feb/2024 16:06:10] code 400, message Bad request version ('\x05ÆD\x02')
[16/Feb/2024 16:06:10] You're accessing the development server over HTTPS, but it only supports HTTP.
[16/Feb/2024 16:06:10] code 400, message Bad request version ('\x00\x00')
[16/Feb/2024 16:06:10] You're accessing the development server over HTTPS, but it only supports HTTP.
[16/Feb/2024 16:06:10] code 400, message Bad request version ('\x00\x12\x00\x10\x04\x03\x08\x04\x04\x01\x05\x03\x08\x05\x05\x01\x08\x06\x06\x01\x00')
[16/Feb/2024 16:06:10] You're accessing the development server over HTTPS, but it only supports HTTP.
[16/Feb/2024 16:06:10] code 400, message Bad request version ('jj\x13\x01\x13\x02\x13\x03À+À/À,À0Ì©Ì¨À\x13À\x14\x00\x9c\x00\x9d\x00/\x005\x01\x00\x01')
[16/Feb/2024 16:06:10] You're accessing the development server over HTTPS, but it only supports HTTP.
[16/Feb/2024 16:06:29] code 400, message Bad request version ('ªª\x13\x01\x13\x02\x13\x03À+À/À,À0Ì©Ì¨À\x13À\x14\x00\x9c\x00\x9d\x00/\x005\x01\x00\x01À')
[16/Feb/2024 16:06:29] You're accessing the development server over HTTPS, but it only supports HTTP.
[16/Feb/2024 16:06:29] code 400, message Bad request version ('_ggÐë=¥9\x14Ò\x1bkMÝ§\x0e\x95kËS\x17\x81\x01u\x19ü')
[16/Feb/2024 16:06:29] You're accessing the development server over HTTPS, but it only supports HTTP.
[16/Feb/2024 16:06:29] code 400, message Bad request version ('þ·g\x12\x98\x99A§úA\x17÷')
[16/Feb/2024 16:06:29] You're accessing the development server over HTTPS, but it only supports HTTP.
[16/Feb/2024 16:06:29] code 400, message Bad request version ('\x00\x00')
[16/Feb/2024 16:06:29] You're accessing the development server over HTTPS, but it only supports HTTP.
[16/Feb/2024 16:06:29] code 400, message Bad HTTP/0.9 request type ('\x16\x03\x01\x02\x00\x01\x00\x01ü\x03\x03v¤¦gºyüY_×')
[16/Feb/2024 16:06:29] You're accessing the development server over HTTPS, but it only supports HTTP.
[16/Feb/2024 16:06:29] code 400, message Bad request version ('\x00\x00')
[16/Feb/2024 16:06:29] You're accessing the development server over HTTPS, but it only supports HTTP.
[16/Feb/2024 16:06:55] code 400, message Bad request version ('\x02h2\x08http/1.1\x00#\x00\x00\x00\x17\x00\x00\x00')
[16/Feb/2024 16:06:55] You're accessing the development server over HTTPS, but it only supports HTTP.
[16/Feb/2024 16:06:55] code 400, message Bad request version ('\x02h2\x08http/1.1\x00')
[16/Feb/2024 16:06:55] You're accessing the development server over HTTPS, but it only supports HTTP.
[16/Feb/2024 16:06:55] code 400, message Bad request version ('JJ\x13\x01\x13\x02\x13\x03À+À/À,À0Ì©Ì¨À\x13À\x14\x00\x9c\x00\x9d\x00/\x005\x01\x00\x01àZZ\x00\x00\x00')
[16/Feb/2024 16:06:55] You're accessing the development server over HTTPS, but it only supports HTTP.
[16/Feb/2024 16:06:55] code 400, message Bad request version ('U\x8a\x10ª5>')
[16/Feb/2024 16:06:55] You're accessing the development server over HTTPS, but it only supports HTTP.
[16/Feb/2024 16:06:55] code 400, message Bad request version ('\x00\x00')
[16/Feb/2024 16:06:55] You're accessing the development server over HTTPS, but it only supports HTTP.
[16/Feb/2024 16:06:55] code 400, message Bad request version ('Ú\x9c\x07¾\x95°m´C\x93')
[16/Feb/2024 16:06:55] You're accessing the development server over HTTPS, but it only supports HTTP.
[16/Feb/2024 16:07:28] "GET / HTTP/1.1" 200 7934
[16/Feb/2024 16:07:29] "GET /static/css/tiny-slider.css HTTP/1.1" 200 2178
[16/Feb/2024 16:07:29] "GET /static/css/animate.css HTTP/1.1" 200 70592
[16/Feb/2024 16:07:29] "GET /static/css/LineIcons.2.0.css HTTP/1.1" 200 28260
[16/Feb/2024 16:07:29] "GET /static/css/lindy-uikit.css HTTP/1.1" 200 35291
[16/Feb/2024 16:07:29] "GET /static/img/logo/logo.svg HTTP/1.1" 200 2882
[16/Feb/2024 16:07:29] "GET /static/css/bootstrap-5.0.0-beta1.min.css HTTP/1.1" 200 153111
[16/Feb/2024 16:07:29] "GET /static/img/hero/hero-5/hero-bg.svg HTTP/1.1" 200 4417
[16/Feb/2024 16:07:29] "GET /static/img/hero/hero-5/hero-img.svg HTTP/1.1" 200 22202
[16/Feb/2024 16:07:29] "GET /static/fonts/LineIcons.woff2 HTTP/1.1" 200 51676
Not Found: /favicon.ico
[16/Feb/2024 16:07:30] "GET /favicon.ico HTTP/1.1" 404 2565
